OpenTeacher 4.0.0-alpha - Starting...
  ✓ Registered event module
  ✓ Registered execute module
  ✓ Registered settings module
  ✓ Registered buttonRegister module
  ✓ Registered lessontracker module
✅ Core modules successfully registered!
Note: Many optional modules are disabled to resolve import conflicts
Registered 202 modules of 19 types
Available module types: [aboutDialog buttonRegister data event execute fileDialog interface lessonDialogs lessonTracker logic metadata profileDescription qtApp saver settings settingsDialog startWidget translator ui]
Enabling modules...
Event module enabled - ready to handle events
looking for qtbox in: /home/joop/openteacher/qtbox
final qtbox location: /home/joop/openteacher/qtbox
Warning: Ignoring XDG_SESSION_TYPE=wayland on Gnome. Use QT_QPA_PLATFORM=wayland to run on Wayland anyway.
Configuring international input and font support...
Set Unicode-supporting font for better character display
Note: IME and accent input configured per widget for better control
Qt Application initialized
QtAppModule enabled
Button register module enabled - ready to register buttons
Settings module enabled - loaded from: /home/joop/.openteacher/settings.json
2025/11/13 00:30:41 execute.go:46: [SUCCESS] ExecuteModule enabled - ready to handle application lifecycle
OcrGuiModule enabled
ProfileDescriptionModule enabled
ProfileDescriptionModule enabled
JSLibModule enabled
ProfileDescriptionModule enabled
TypingTeachTypeModule enabled
MediaTypeModule enabled
MetadataModule enabled
LessonTrackerModule enabled
InMindTeachTypeModule enabled
ProfileDescriptionModule enabled
ProfileDescriptionModule enabled
JSInputTypingLogicModule enabled
OdtSaverModule enabled
JSSumModule enabled
MediaTypeModule enabled
SafeHtmlCheckerModule enabled
MimicryTypefaceConverterModule enabled
ReverseModule enabled
MapModule enabled
ProfileDescriptionModule enabled
CuneiformOCRModule enabled
MapModule enabled
SortModule enabled
ProfileDescriptionModule enabled
TestMenuModule enabled
MediaTypeModule enabled
AbbyyLoaderModule enabled
BackpackLoaderModule enabled
AllOnceModule enabled
PdfSaverModule enabled
DataTypeIconsModule enabled
ProfileDescriptionModule enabled
PercentsCalculatorModule enabled
MediaTypeModule enabled
SettingsWidgetModule enabled
OdtSaverModule enabled
GranuleLoaderModule enabled
PercentNotesViewerModule enabled
PrinterModule enabled
OcrWordListLoaderModule enabled
SettingsWidgetModule enabled
JSLibModule enabled
ProfileDescriptionModule enabled
OpenTeachingTopoLoaderModule enabled
ProfileDescriptionModule enabled
FmdLoaderModule enabled
MediaTypeModule enabled
CueCardLoaderModule enabled
FriendlyTranslationNamesModule enabled
MediaTypeModule enabled
SettingsWidgetModule enabled
OpenTeacherLoaderModule enabled
SettingsWidgetModule enabled
NoteCalculatorChooserModule enabled
AnkiApkgLoaderModule enabled
ProfileDescriptionModule enabled
OpenTeachingMediaLoaderModule enabled
WordsTestTypeModule enabled
MapModule enabled
ECTSNoteCalculatorModule enabled
KGeographyMapLoaderModule enabled
ProfileDescriptionModule enabled
HangmanGraphics enabled
MediaDisplayModule enabled
OpenTeachingWordsLoaderModule enabled
ProfileDescriptionModule enabled
ModulesModule enabled
VTrainTxtLoaderModule enabled
SettingsWidgetModule enabled
ProfileDescriptionModule enabled
ProfileDescriptionModule enabled
OpenTeacherAuthorsModule enabled
GenerateBusinessCard profile description enabled
AmericanNoteCalculatorModule enabled
TestModeStudentsViewModule enabled
TopoMapsModule enabled
SymbolsModule enabled
CsvLoaderModule enabled
GnuVocabTrainLoaderModule enabled
OverhoringsprogrammaTalenLoaderModule enabled
VocaLoaderModule enabled
WrtsLoaderModule enabled
MapModule enabled
PyinstallerInterfaceModule enabled
Anki2LoaderModule enabled
ProfileDescriptionModule enabled
MediaTypeModule enabled
SmartModule enabled
OverhoorLoaderModule enabled
VokabelTrainerLoaderModule enabled
MediaTypeModule enabled
ProfileDescriptionModule enabled
FlashQardLoaderModule enabled
HardWordsModule enabled
ProfileDescriptionModule enabled
OtxxSaverModule enabled
JSBisectModule enabled
MapModule enabled
ProfileDescriptionModule enabled
ShuffleAnswerTeachTypeModule enabled
ProgressViewerModule enabled
KvtmlLoaderModule enabled
AnkiLoaderModule enabled
CyrillicModule enabled
TypingTutorModelModule enabled
MapModule enabled
MediaTestTypeModule enabled
HtmlSaverModule enabled
WordsNeverAnsweredCorrectlyModule enabled
WordsHtmlGeneratorModule enabled
HtmlSaverModule enabled
SettingsWidgetModule enabled
ForeignKnownModule enabled
TypingTutorKeyboardModule enabled
MnemosyneLoaderModule enabled
SettingsWidgetModule enabled
Teach2000LoaderModule enabled
ProfileDescriptionModule enabled
TopoTestTypeModule enabled
RecentlyOpenedModule enabled
LoaderModule enabled
LudemLoaderModule enabled
HtmlSaverModule enabled
ProfileDescriptionModule enabled
RecentlyOpenedViewerModule enabled
ProfileDescriptionModule enabled
DomingoLoaderModule enabled
JMemorizeLessonLoaderModule enabled
AuthorsModule enabled
PercentsNoteCalculatorModule enabled
OtxxLoaderModule enabled
LaTeXSaverModule enabled
VocabulariumLoaderModule enabled
SettingsWidgetModule enabled
LibreofficeFormatsSaverModule enabled
ProfileDescriptionModule enabled
ProfileDescriptionModule enabled
PaukerLoaderModule enabled
SettingsWidgetModule enabled
JavascriptLessonTypeModule enabled
ProfileDescriptionModule enabled
JvltLoaderModule enabled
2025/11/13 00:30:41 hangman.go:50: [STUB] Hangman TypingTeachTypeModule enabled - hangman teaching functionality not implemented
TypingTeachTypeModule enabled
TesseractOCRModule enabled
WebLogicGeneratorModule enabled
MediaTypeModule enabled
GermanNoteCalculatorModule enabled
ThemeModule enabled
LoaderGuiModule enabled
RepeatAnswerTeachTypeModule enabled
ProfileDescriptionModule enabled
TeachmasterLoaderModule enabled
PercentsCalculatorModule enabled
SylkSaverModule enabled
ProfileDescriptionModule enabled
GreekModule enabled
InputTypingLogicModule enabled
UserDocumentationModule enabled
DutchNoteCalculatorModule enabled
ProfileDescriptionModule enabled
PngSaverModule enabled
ButtonRegisterModule enabled
JSMapModule enabled
ProfileDescriptionModule enabled
RandomModule enabled
LanguageCodeGuesserModule enabled
JSEvaluatorModule enabled
ProfileDescriptionModule enabled
SettingsWidgetsModule enabled
TestModeTeacherPanelModule enabled
SettingsWidgetModule enabled
FrenchNoteCalculatorModule enabled
TranslatorModule enabled
LessonDialogsModule enabled
AboutDialogModule enabled
FileDialogModule enabled
2025/11/13 00:30:41 logger.go:146: 2025/11/13 00:30:41 [32m[SUCCESS][0m GUI.gui.go:69 - Got QApplication from qtApp module
2025/11/13 00:30:42 logger.go:146: 2025/11/13 00:30:42 [32m[SUCCESS][0m GUI.gui.go:103 - Qt main window created and shown
GuiModule enabled - Main window created
StartwidgetModule enabled
SettingsDialogModule enabled
SaverModule enabled
All modules enabled successfully
Starting Qt GUI...
2025/11/13 00:30:42 logger.go:146: 2025/11/13 00:30:42 [32m[SUCCESS][0m GUI.gui.go:142 - ShowMainWindow() - main window displayed
Starting Qt event loop...
2025/11/13 00:30:42 logger.go:146: 2025/11/13 00:30:42 [32m[SUCCESS][0m GUI.gui.go:159 - RunEventLoop() - Qt event loop started
The X11 connection broke (error 1). Did the X11 server die?
2025/11/15 11:56:59 logger.go:146: 2025/11/15 11:56:59 [32m[SUCCESS][0m GUI.gui.go:161 - RunEventLoop() - Qt event loop finished with code 0
Qt event loop finished with exit code: 0
Disabling modules...
SaverModule disabled
SettingsDialogModule disabled
StartwidgetModule disabled
httpRequest error: ["",766108048,"widgets.QMainWindow","Close"] -> Post "http://127.0.0.1:8000/syncCallIntoLocal": dial tcp 127.0.0.1:8000: connect: connection refused
Warning: Error closing main window: interface conversion: interface {} is nil, not bool
FileDialogModule disabled
AboutDialogModule disabled
LessonDialogsModule disabled
TranslatorModule disabled
FrenchNoteCalculatorModule disabled
SettingsWidgetModule disabled
TestModeTeacherPanelModule disabled
SettingsWidgetsModule disabled
ProfileDescriptionModule disabled
JSEvaluatorModule disabled
LanguageCodeGuesserModule disabled
RandomModule disabled
ProfileDescriptionModule disabled
JSMapModule disabled
ButtonRegisterModule disabled
PngSaverModule disabled
ProfileDescriptionModule disabled
DutchNoteCalculatorModule disabled
UserDocumentationModule disabled
InputTypingLogicModule disabled
GreekModule disabled
ProfileDescriptionModule disabled
SylkSaverModule disabled
PercentsCalculatorModule disabled
TeachmasterLoaderModule disabled
ProfileDescriptionModule disabled
RepeatAnswerTeachTypeModule disabled
LoaderGuiModule disabled
ThemeModule disabled
GermanNoteCalculatorModule disabled
MediaTypeModule disabled
WebLogicGeneratorModule disabled
TesseractOCRModule disabled
2025/11/15 11:56:59 hangman.go:64: [STUB] Hangman TypingTeachTypeModule disabled - cleanup not implemented
TypingTeachTypeModule disabled
JvltLoaderModule disabled
ProfileDescriptionModule disabled
JavascriptLessonTypeModule disabled
SettingsWidgetModule disabled
PaukerLoaderModule disabled
ProfileDescriptionModule disabled
ProfileDescriptionModule disabled
LibreofficeFormatsSaverModule disabled
SettingsWidgetModule disabled
VocabulariumLoaderModule disabled
LaTeXSaverModule disabled
OtxxLoaderModule disabled
PercentsNoteCalculatorModule disabled
AuthorsModule disabled
JMemorizeLessonLoaderModule disabled
DomingoLoaderModule disabled
ProfileDescriptionModule disabled
RecentlyOpenedViewerModule disabled
ProfileDescriptionModule disabled
HtmlSaverModule disabled
LudemLoaderModule disabled
LoaderModule disabled
RecentlyOpenedModule disabled
TopoTestTypeModule disabled
ProfileDescriptionModule disabled
Teach2000LoaderModule disabled
SettingsWidgetModule disabled
MnemosyneLoaderModule disabled
TypingTutorKeyboardModule disabled
ForeignKnownModule disabled
SettingsWidgetModule disabled
HtmlSaverModule disabled
WordsHtmlGeneratorModule disabled
WordsNeverAnsweredCorrectlyModule disabled
HtmlSaverModule disabled
MediaTestTypeModule disabled
MapModule disabled
TypingTutorModelModule disabled
CyrillicModule disabled
AnkiLoaderModule disabled
KvtmlLoaderModule disabled
ProgressViewerModule disabled
ShuffleAnswerTeachTypeModule disabled
ProfileDescriptionModule disabled
MapModule disabled
JSBisectModule disabled
OtxxSaverModule disabled
ProfileDescriptionModule disabled
HardWordsModule disabled
FlashQardLoaderModule disabled
ProfileDescriptionModule disabled
MediaTypeModule disabled
VokabelTrainerLoaderModule disabled
OverhoorLoaderModule disabled
SmartModule disabled
MediaTypeModule disabled
ProfileDescriptionModule disabled
Anki2LoaderModule disabled
PyinstallerInterfaceModule disabled
MapModule disabled
WrtsLoaderModule disabled
VocaLoaderModule disabled
OverhoringsprogrammaTalenLoaderModule disabled
GnuVocabTrainLoaderModule disabled
CsvLoaderModule disabled
SymbolsModule disabled
TopoMapsModule disabled
TestModeStudentsViewModule disabled
AmericanNoteCalculatorModule disabled
GenerateBusinessCard profile description disabled
OpenTeacherAuthorsModule disabled
ProfileDescriptionModule disabled
ProfileDescriptionModule disabled
SettingsWidgetModule disabled
VTrainTxtLoaderModule disabled
ModulesModule disabled
ProfileDescriptionModule disabled
OpenTeachingWordsLoaderModule disabled
MediaDisplayModule disabled
HangmanGraphics disabled
ProfileDescriptionModule disabled
KGeographyMapLoaderModule disabled
ECTSNoteCalculatorModule disabled
MapModule disabled
WordsTestTypeModule disabled
OpenTeachingMediaLoaderModule disabled
ProfileDescriptionModule disabled
AnkiApkgLoaderModule disabled
NoteCalculatorChooserModule disabled
SettingsWidgetModule disabled
OpenTeacherLoaderModule disabled
SettingsWidgetModule disabled
MediaTypeModule disabled
FriendlyTranslationNamesModule disabled
CueCardLoaderModule disabled
MediaTypeModule disabled
FmdLoaderModule disabled
ProfileDescriptionModule disabled
OpenTeachingTopoLoaderModule disabled
ProfileDescriptionModule disabled
JSLibModule disabled
SettingsWidgetModule disabled
OcrWordListLoaderModule disabled
PrinterModule disabled
PercentNotesViewerModule disabled
GranuleLoaderModule disabled
OdtSaverModule disabled
SettingsWidgetModule disabled
MediaTypeModule disabled
PercentsCalculatorModule disabled
ProfileDescriptionModule disabled
DataTypeIconsModule disabled
PdfSaverModule disabled
AllOnceModule disabled
BackpackLoaderModule disabled
AbbyyLoaderModule disabled
MediaTypeModule disabled
TestMenuModule disabled
ProfileDescriptionModule disabled
SortModule disabled
MapModule disabled
CuneiformOCRModule disabled
ProfileDescriptionModule disabled
MapModule disabled
ReverseModule disabled
MimicryTypefaceConverterModule disabled
SafeHtmlCheckerModule disabled
MediaTypeModule disabled
JSSumModule disabled
OdtSaverModule disabled
JSInputTypingLogicModule disabled
ProfileDescriptionModule disabled
ProfileDescriptionModule disabled
InMindTeachTypeModule disabled
LessonTrackerModule disabled
MetadataModule disabled
MediaTypeModule disabled
TypingTeachTypeModule disabled
ProfileDescriptionModule disabled
JSLibModule disabled
ProfileDescriptionModule disabled
ProfileDescriptionModule disabled
OcrGuiModule disabled
2025/11/15 11:56:59 execute.go:53: [SUCCESS] ExecuteModule disabled - application lifecycle handling stopped
Settings module disabled
Button register module disabled - all buttons cleared
httpRequest error: ["",761123776,"widgets.QApplication","Quit"] -> Post "http://127.0.0.1:8000/syncCallIntoLocal": dial tcp 127.0.0.1:8000: connect: connection refused
QtAppModule disabled
Event module disabled - all events cleared
OpenTeacher shutdown complete
